<?xml version="1.0" encoding="UTF-8"?>
<!-- Generated by org.testng.reporters.JUnitReportReporter -->
<testsuite hostname="DESKTOP-PE0VDKC" failures="0" tests="1" name="testCases.LoginPageTest" time="7.490" errors="0" timestamp="2023-12-29T23:42:42 IST" skipped="0">
  <testcase classname="testCases.LoginPageTest" name="verifyUrlOfApplicationTest" time="7.490"/>
  <system-out>
    <![CDATA[visibility of application Url=https://www.saucedemo.com/]]>
  </system-out>
</testsuite> <!-- testCases.LoginPageTest -->
