<?xml version="1.0" encoding="UTF-8"?>
<!-- Generated by org.testng.reporters.JUnitReportReporter -->
<testsuite hostname="DESKTOP-PE0VDKC" failures="0" tests="4" name="testCases.Cart_Page_Test" time="42.813" errors="0" timestamp="2023-12-30T10:24:36 IST" skipped="0">
  <testcase classname="testCases.Cart_Page_Test" name="verifyCartPageLableTest" time="11.229"/>
  <system-out>
    <![CDATA[Visibility of Cart Page Title=Your Cart]]>
  </system-out>
  <testcase classname="testCases.Cart_Page_Test" name="verifyCartPageUrlTest" time="9.480"/>
  <system-out>
    <![CDATA[Visibility of Cart Page URL=https://www.saucedemo.com/cart.html]]>
  </system-out>
  <testcase classname="testCases.Cart_Page_Test" name="verifyContinueShoppingBtnTest" time="9.597"/>
  <system-out>
    <![CDATA[Visibility of inventory page=https://www.saucedemo.com/inventory.html]]>
  </system-out>
  <testcase classname="testCases.Cart_Page_Test" name="verifyClickOnCheckOutBtnTest" time="12.507"/>
  <system-out>
    <![CDATA[Visibility of checkout step one pagehttps://www.saucedemo.com/checkout-step-one.html]]>
  </system-out>
</testsuite> <!-- testCases.Cart_Page_Test -->
