<?xml version="1.0" encoding="UTF-8"?>
<!-- Generated by org.testng.reporters.JUnitReportReporter -->
<testsuite hostname="DESKTOP-PE0VDKC" failures="0" tests="4" name="testCases.CartCheckOut_Page1_Test" time="51.449" errors="0" timestamp="2023-12-23T10:15:21 IST" skipped="0">
  <testcase classname="testCases.CartCheckOut_Page1_Test" name="verifyCheckOutPageUrlTest" time="11.907"/>
  <system-out>
    <![CDATA[Visibility of CheckOut Page Urlhttps://www.saucedemo.com/checkout-step-one.html]]>
  </system-out>
  <testcase classname="testCases.CartCheckOut_Page1_Test" name="verifyCancalButtonTest" time="10.736"/>
  <system-out>
    <![CDATA[Visibility of Cart Page Urlhttps://www.saucedemo.com/cart.html]]>
  </system-out>
  <testcase classname="testCases.CartCheckOut_Page1_Test" name="verifyUserInfoTest" time="11.619"/>
  <system-out>
    <![CDATA[Visibility of CheckOut Page 2 Urlhttps://www.saucedemo.com/checkout-step-two.html]]>
  </system-out>
  <testcase classname="testCases.CartCheckOut_Page1_Test" name="verifyCheckOutLableTest" time="17.187"/>
  <system-out>
    <![CDATA[Visibility of CheckOut LableCheckout: Your Information]]>
  </system-out>
</testsuite> <!-- testCases.CartCheckOut_Page1_Test -->
