<?xml version="1.0" encoding="UTF-8"?>
<!-- Generated by org.testng.reporters.JUnitReportReporter -->
<testsuite hostname="DESKTOP-PE0VDKC" failures="0" tests="11" name="testCases.CheckOut_Page2_Test" time="174.526" errors="0" timestamp="2023-12-25T14:03:15 IST" skipped="0">
  <testcase classname="testCases.CheckOut_Page2_Test" name="verifyPriceTotalTxtTest" time="15.970"/>
  <system-out>
    <![CDATA[visibility of Price total txt=Price Total]]>
  </system-out>
  <testcase classname="testCases.CheckOut_Page2_Test" name="verifyCancalButtonTest" time="13.364"/>
  <system-out>
    <![CDATA[visibility of CheckOut page1 URL=https://www.saucedemo.com/inventory.html]]>
  </system-out>
  <testcase classname="testCases.CheckOut_Page2_Test" name="verifySummaryInfoLableTxtTest" time="17.112"/>
  <system-out>
    <![CDATA[visibility of summary Info text=Total: $140.34]]>
  </system-out>
  <testcase classname="testCases.CheckOut_Page2_Test" name="verifyFreePonyExpressDeliveryTxtTest" time="15.918"/>
  <system-out>
    <![CDATA[visibility of Delivery Text=Free Pony Express Delivery!]]>
  </system-out>
  <testcase classname="testCases.CheckOut_Page2_Test" name="verifySummaryTaxLableTxtTest" time="12.565"/>
  <system-out>
    <![CDATA[visibility of summaryTax lable text=Tax: $10.40]]>
  </system-out>
  <testcase classname="testCases.CheckOut_Page2_Test" name="verifyCheckOutOverviewLableTest" time="12.630"/>
  <system-out>
    <![CDATA[Visibility of CheckOut Overview Lable=Checkout: Overview]]>
  </system-out>
  <testcase classname="testCases.CheckOut_Page2_Test" name="verifyFinishButtonTest" time="10.618"/>
  <system-out>
    <![CDATA[visibility of checkout complete page=https://www.saucedemo.com/checkout-complete.html]]>
  </system-out>
  <testcase classname="testCases.CheckOut_Page2_Test" name="verifySauceCardTxtTest" time="20.794"/>
  <system-out>
    <![CDATA[visibility of Sauce Cart Text=SauceCard #31337]]>
  </system-out>
  <testcase classname="testCases.CheckOut_Page2_Test" name="verifyShippingInformationTxtTest" time="19.407"/>
  <system-out>
    <![CDATA[visibility of Shipping information=Shipping Information]]>
  </system-out>
  <testcase classname="testCases.CheckOut_Page2_Test" name="verifyPaymentInfoTest" time="19.456"/>
  <system-out>
    <![CDATA[visibility of payment information Text=Payment Information]]>
  </system-out>
  <testcase classname="testCases.CheckOut_Page2_Test" name="verifySummarySubtotalTxtTest" time="16.692"/>
  <system-out>
    <![CDATA[visibility of summary subtotal txt=Item total: $129.94]]>
  </system-out>
</testsuite> <!-- testCases.CheckOut_Page2_Test -->
